Arguments: 
  /home/david/.nvm/versions/node/v16.15.0/bin/node /home/david/.nvm/versions/node/v16.15.0/bin/yarn publish

PATH: 
  /home/david/.nvm/versions/node/v16.15.0/bin:/usr/local/sbin:/usr/local/bin:/usr/sbin:/usr/bin:/sbin:/bin:/usr/games:/usr/local/games:/snap/bin

Yarn version: 
  1.22.18

Node version: 
  16.15.0

Platform: 
  linux x64

Trace: 
  Error: canceled
      at Interface.<anonymous> (/home/david/.nvm/versions/node/v16.15.0/lib/node_modules/yarn/lib/cli.js:137143:13)
      at Interface.emit (node:events:527:28)
      at Interface._ttyWrite (node:readline:1081:16)
      at ReadStream.onkeypress (node:readline:288:10)
      at ReadStream.emit (node:events:527:28)
      at emitKeys (node:internal/readline/utils:358:14)
      at emitKeys.next (<anonymous>)
      at ReadStream.onData (node:internal/readline/emitKeypressEvents:61:36)
      at ReadStream.emit (node:events:527:28)
      at addChunk (node:internal/streams/readable:315:12)

npm manifest: 
  {
    "name": "module-funnel",
    "version": "1.0.0",
    "description": "Generate the minimal skeleton/boilerplate for a new Node.js module. for Funnel",
    "author": "David Tremblay",
    "license": "MIT",
    "repository": {
      "type": "git",
      "url": "https://github.com/hardcommitoneself/module-funnel.git"
    },
    "bugs": {
      "url": "https://github.com/hardcommitoneself/module-funnel/issues"
    },
    "main": "./dist/index.js",
    "bin": "./dist/cli.js",
    "scripts": {
      "build": "rimraf dist && babel lib -d dist",
      "prepublish": "npm run build"
    },
    "dependencies": {
      "chalk": "1.1.3",
      "concat-stream": "1.5.1",
      "lodash.template": "4.2.4",
      "map-stream": "0.0.6",
      "tildify": "1.2.0",
      "vinyl-fs": "3.0.3",
      "yargs": "4.6.0"
    },
    "devDependencies": {
      "babel-cli": "6.7.5",
      "babel-preset-es2015": "6.6.0",
      "rimraf": "2.5.2"
    },
    "keywords": [
      "npm",
      "node",
      "module",
      "package",
      "skeleton",
      "boilerplate",
      "scaffold",
      "generator",
      "generic",
      "cli"
    ],
    "babel": {
      "presets": [
        "es2015"
      ]
    }
  }

yarn manifest: 
  No manifest

Lockfile: 
  No lockfile
